# JRE version: OpenJDK Runtime Environment (8.0_112-b06) (build 1.8.0_112-release-b06)
# Java VM: OpenJDK 64-Bit Server VM (25.112-b06 mixed mode windows-amd64 compressed oops)
Heap:
 PSYoungGen      total 211968K, used 59252K [0x00000000eab00000, 0x00000000fb980000, 0x0000000100000000)
  eden space 179712K, 24% used [0x00000000eab00000,0x00000000ed53f000,0x00000000f5a80000)
  from space 32256K, 49% used [0x00000000f7880000,0x00000000f881e0d0,0x00000000f9800000)
  to   space 30720K, 0% used [0x00000000f5a80000,0x00000000f5a80000,0x00000000f7880000)
 ParOldGen       total 284160K, used 60917K [0x00000000c0000000, 0x00000000d1580000, 0x00000000eab00000)
  object space 284160K, 21% used [0x00000000c0000000,0x00000000c3b7d4e8,0x00000000d1580000)
 Metaspace       used 74519K, capacity 79402K, committed 79616K, reserved 1118208K
  class space    used 9660K, capacity 10401K, committed 10496K, reserved 1048576K
GC Heap History (10 events):
Event: 11975.398 GC heap before
{Heap before GC invocations=21 (full 3):
 PSYoungGen      total 193536K, used 193130K [0x00000000eab00000, 0x00000000f8400000, 0x0000000100000000)
  eden space 173568K, 100% used [0x00000000eab00000,0x00000000f5480000,0x00000000f5480000)
  from space 19968K, 97% used [0x00000000f6880000,0x00000000f7b9a990,0x00000000f7c00000)
  to   space 8192K, 0% used [0x00000000f7c00000,0x00000000f7c00000,0x00000000f8400000)
 ParOldGen       total 284160K, used 33357K [0x00000000c0000000, 0x00000000d1580000, 0x00000000eab00000)
  object space 284160K, 11% used [0x00000000c0000000,0x00000000c20937f0,0x00000000d1580000)
 Metaspace       used 72010K, capacity 76616K, committed 76800K, reserved 1116160K
  class space    used 9413K, capacity 10139K, committed 10240K, reserved 1048576K
Event: 11975.425 GC heap after
Heap after GC invocations=21 (full 3):
 PSYoungGen      total 178688K, used 8184K [0x00000000eab00000, 0x00000000f8480000, 0x0000000100000000)
  eden space 170496K, 0% used [0x00000000eab00000,0x00000000eab00000,0x00000000f5180000)
  from space 8192K, 99% used [0x00000000f7c00000,0x00000000f83fe0b0,0x00000000f8400000)
  to   space 26112K, 0% used [0x00000000f5180000,0x00000000f5180000,0x00000000f6b00000)
 ParOldGen       total 284160K, used 51289K [0x00000000c0000000, 0x00000000d1580000, 0x00000000eab00000)
  object space 284160K, 18% used [0x00000000c0000000,0x00000000c3216608,0x00000000d1580000)
 Metaspace       used 72010K, capacity 76616K, committed 76800K, reserved 1116160K
  class space    used 9413K, capacity 10139K, committed 10240K, reserved 1048576K
}
Event: 11979.211 GC heap before
{Heap before GC invocations=22 (full 3):
 PSYoungGen      total 178688K, used 178680K [0x00000000eab00000, 0x00000000f8480000, 0x0000000100000000)
  eden space 170496K, 100% used [0x00000000eab00000,0x00000000f5180000,0x00000000f5180000)
  from space 8192K, 99% used [0x00000000f7c00000,0x00000000f83fe0b0,0x00000000f8400000)
  to   space 26112K, 0% used [0x00000000f5180000,0x00000000f5180000,0x00000000f6b00000)
 ParOldGen       total 284160K, used 51289K [0x00000000c0000000, 0x00000000d1580000, 0x00000000eab00000)
  object space 284160K, 18% used [0x00000000c0000000,0x00000000c3216608,0x00000000d1580000)
 Metaspace       used 73844K, capacity 78504K, committed 78720K, reserved 1118208K
  class space    used 9601K, capacity 10323K, committed 10368K, reserved 1048576K
Event: 11979.227 GC heap after
Heap after GC invocations=22 (full 3):
 PSYoungGen      total 186880K, used 19040K [0x00000000eab00000, 0x00000000f8280000, 0x0000000100000000)
  eden space 167424K, 0% used [0x00000000eab00000,0x00000000eab00000,0x00000000f4e80000)
  from space 19456K, 97% used [0x00000000f5180000,0x00000000f6418300,0x00000000f6480000)
  to   space 26624K, 0% used [0x00000000f6880000,0x00000000f6880000,0x00000000f8280000)
 ParOldGen       total 284160K, used 51297K [0x00000000c0000000, 0x00000000d1580000, 0x00000000eab00000)
  object space 284160K, 18% used [0x00000000c0000000,0x00000000c3218608,0x00000000d1580000)
 Metaspace       used 73844K, capacity 78504K, committed 78720K, reserved 1118208K
  class space    used 9601K, capacity 10323K, committed 10368K, reserved 1048576K
}
Event: 11980.393 GC heap before
{Heap before GC invocations=23 (full 3):
 PSYoungGen      total 186880K, used 186464K [0x00000000eab00000, 0x00000000f8280000, 0x0000000100000000)
  eden space 167424K, 100% used [0x00000000eab00000,0x00000000f4e80000,0x00000000f4e80000)
  from space 19456K, 97% used [0x00000000f5180000,0x00000000f6418300,0x00000000f6480000)
  to   space 26624K, 0% used [0x00000000f6880000,0x00000000f6880000,0x00000000f8280000)
 ParOldGen       total 284160K, used 51297K [0x00000000c0000000, 0x00000000d1580000, 0x00000000eab00000)
  object space 284160K, 18% used [0x00000000c0000000,0x00000000c3218608,0x00000000d1580000)
 Metaspace       used 73961K, capacity 78632K, committed 78720K, reserved 1118208K
  class space    used 9603K, capacity 10323K, committed 10368K, reserved 1048576K
Event: 11980.424 GC heap after
Heap after GC invocations=23 (full 3):
 PSYoungGen      total 187392K, used 26596K [0x00000000eab00000, 0x00000000fa500000, 0x0000000100000000)
  eden space 160768K, 0% used [0x00000000eab00000,0x00000000eab00000,0x00000000f4800000)
  from space 26624K, 99% used [0x00000000f6880000,0x00000000f82792c0,0x00000000f8280000)
  to   space 33280K, 0% used [0x00000000f4800000,0x00000000f4800000,0x00000000f6880000)
 ParOldGen       total 284160K, used 60909K [0x00000000c0000000, 0x00000000d1580000, 0x00000000eab00000)
  object space 284160K, 21% used [0x00000000c0000000,0x00000000c3b7b4e8,0x00000000d1580000)
 Metaspace       used 73961K, capacity 78632K, committed 78720K, reserved 1118208K
  class space    used 9603K, capacity 10323K, committed 10368K, reserved 1048576K
}
Event: 11998.866 GC heap before
{Heap before GC invocations=24 (full 3):
 PSYoungGen      total 187392K, used 187364K [0x00000000eab00000, 0x00000000fa500000, 0x0000000100000000)
  eden space 160768K, 100% used [0x00000000eab00000,0x00000000f4800000,0x00000000f4800000)
  from space 26624K, 99% used [0x00000000f6880000,0x00000000f82792c0,0x00000000f8280000)
  to   space 33280K, 0% used [0x00000000f4800000,0x00000000f4800000,0x00000000f6880000)
 ParOldGen       total 284160K, used 60909K [0x00000000c0000000, 0x00000000d1580000, 0x00000000eab00000)
  object space 284160K, 21% used [0x00000000c0000000,0x00000000c3b7b4e8,0x00000000d1580000)
 Metaspace       used 74310K, capacity 79042K, committed 79232K, reserved 1118208K
  class space    used 9634K, capacity 10356K, committed 10368K, reserved 1048576K
Event: 11998.883 GC heap after
Heap after GC invocations=24 (full 3):
 PSYoungGen      total 194048K, used 18207K [0x00000000eab00000, 0x00000000f9800000, 0x0000000100000000)
  eden space 160768K, 0% used [0x00000000eab00000,0x00000000eab00000,0x00000000f4800000)
  from space 33280K, 54% used [0x00000000f4800000,0x00000000f59c7f10,0x00000000f6880000)
  to   space 32256K, 0% used [0x00000000f7880000,0x00000000f7880000,0x00000000f9800000)
 ParOldGen       total 284160K, used 60917K [0x00000000c0000000, 0x00000000d1580000, 0x00000000eab00000)
  object space 284160K, 21% used [0x00000000c0000000,0x00000000c3b7d4e8,0x00000000d1580000)
 Metaspace       used 74310K, capacity 79042K, committed 79232K, reserved 1118208K
  class space    used 9634K, capacity 10356K, committed 10368K, reserved 1048576K
}
Event: 11998.915 GC heap before
{Heap before GC invocations=25 (full 3):
 PSYoungGen      total 194048K, used 178046K [0x00000000eab00000, 0x00000000f9800000, 0x0000000100000000)
  eden space 160768K, 99% used [0x00000000eab00000,0x00000000f4717b68,0x00000000f4800000)
  from space 33280K, 54% used [0x00000000f4800000,0x00000000f59c7f10,0x00000000f6880000)
  to   space 32256K, 0% used [0x00000000f7880000,0x00000000f7880000,0x00000000f9800000)
 ParOldGen       total 284160K, used 60917K [0x00000000c0000000, 0x00000000d1580000, 0x00000000eab00000)
  object space 284160K, 21% used [0x00000000c0000000,0x00000000c3b7d4e8,0x00000000d1580000)
 Metaspace       used 74318K, capacity 79044K, committed 79232K, reserved 1118208K
  class space    used 9634K, capacity 10357K, committed 10368K, reserved 1048576K
Event: 11998.933 GC heap after
Heap after GC invocations=25 (full 3):
 PSYoungGen      total 211968K, used 15992K [0x00000000eab00000, 0x00000000fb980000, 0x0000000100000000)
  eden space 179712K, 0% used [0x00000000eab00000,0x00000000eab00000,0x00000000f5a80000)
  from space 32256K, 49% used [0x00000000f7880000,0x00000000f881e0d0,0x00000000f9800000)
  to   space 30720K, 0% used [0x00000000f5a80000,0x00000000f5a80000,0x00000000f7880000)
 ParOldGen       total 284160K, used 60917K [0x00000000c0000000, 0x00000000d1580000, 0x00000000eab00000)
  object space 284160K, 21% used [0x00000000c0000000,0x00000000c3b7d4e8,0x00000000d1580000)
 Metaspace       used 74318K, capacity 79044K, committed 79232K, reserved 1118208K
  class space    used 9634K, capacity 10357K, committed 10368K, reserved 1048576K
}

